
{"level":"info","time":1524393498204,"msg":"sold: {\"currency\":\"dta\",\"type\":\"trade\",\"balance\":\"998.000020000000000000\"}"}
{"level":"info","time":1524393838456,"msg":"sold: {\"currency\":\"ada\",\"type\":\"trade\",\"balance\":\"998.000000000000000000\"}"}
{"level":"info","time":1524394058002,"msg":"sold: {\"currency\":\"neo\",\"type\":\"trade\",\"balance\":\"0.099800000000000000\"}"}
{"level":"info","time":1524395059363,"msg":"sold: {\"currency\":\"eos\",\"type\":\"trade\",\"balance\":\"288.903774800000000000\"}"}
{"level":"info","time":1524395379481,"msg":"sold: {\"currency\":\"btm\",\"type\":\"trade\",\"balance\":\"3.592800000000000000\"}"}
{"level":"info","time":1524395399235,"msg":"sold: {\"currency\":\"btm\",\"type\":\"trade\",\"balance\":\"3.592800000000000000\"}"}
{"level":"info","time":1524395579803,"msg":"sold: {\"currency\":\"ont\",\"type\":\"trade\",\"balance\":\"99.800033200000000000\"}"}
{"level":"info","time":1524396900175,"msg":"sold: {\"currency\":\"btm\",\"type\":\"trade\",\"balance\":\"3.592800000000000000\"}"}
{"level":"info","time":1524397020746,"msg":"sold: {\"currency\":\"smt\",\"type\":\"trade\",\"balance\":\"998.000000000000000000\"}"}
{"level":"info","time":1524398381655,"msg":"sold: {\"currency\":\"iost\",\"type\":\"trade\",\"balance\":\"99.800000000000000000\"}"}
{"level":"info","time":1524399202149,"msg":"sold: {\"currency\":\"btm\",\"type\":\"trade\",\"balance\":\"3.592800000000000000\"}"}
{"level":"info","time":1524399221876,"msg":"sold: {\"currency\":\"btm\",\"type\":\"trade\",\"balance\":\"3.592800000000000000\"}"}
{"level":"info","time":1524399241513,"msg":"sold: {\"currency\":\"btm\",\"type\":\"trade\",\"balance\":\"3.592800000000000000\"}"}
{"level":"info","time":1524399261860,"msg":"sold: {\"currency\":\"btm\",\"type\":\"trade\",\"balance\":\"3.592800000000000000\"}"}
{"level":"info","time":1524399281880,"msg":"sold: {\"currency\":\"btm\",\"type\":\"trade\",\"balance\":\"3.592800000000000000\"}"}
{"level":"info","time":1524399301563,"msg":"sold: {\"currency\":\"btm\",\"type\":\"trade\",\"balance\":\"3.592800000000000000\"}"}
{"level":"error","time":1524400662694,"msg":"getSymbols empty"}
{"level":"info","time":1524404585754,"msg":"sold: {\"currency\":\"btm\",\"type\":\"trade\",\"balance\":\"3.592800000000000000\"}"}
{"level":"error","time":1524406366510,"msg":"getSymbols empty"}
{"level":"info","time":1524409489008,"msg":"sold: {\"currency\":\"btm\",\"type\":\"trade\",\"balance\":\"3.592800000000000000\"}"}
{"level":"info","time":1524410629842,"msg":"sold: {\"currency\":\"ont\",\"type\":\"trade\",\"balance\":\"99.800033200000000000\"}"}
